Arguments: 
  C:\Program Files\nodejs\node.exe C:\Users\RICK\AppData\Roaming\npm\node_modules\yarn\bin\yarn.js add --dev -E json-server 0.16.3

PATH: 
  C:\Python311\Scripts\;C:\Python311\;C:\Program Files\Common Files\Oracle\Java\javapath;C:\Program Files (x86)\Common Files\Intel\Shared Libraries\redist\intel64\compiler;C:\Program Files (x86)\NVIDIA Corporation\PhysX\Common;C:\Program Files (x86)\Common Files\Oracle\Java\javapath;C:\WINDOWS\system32;C:\WINDOWS;C:\WINDOWS\System32\Wbem;C:\WINDOWS\System32\WindowsPowerShell\v1.0\;C:\WINDOWS\System32\OpenSSH\;C:\Program Files\Inkscape\bin;C:\Program Files\Git LFS;C:\Program Files\dotnet\;C:\Program Files\PuTTY\;C:\Program Files\MySQL\MySQL Utilities 1.6\;C:\ProgramData\chocolatey\bin;C:\Program Files\OpenJDK\openjdk-11.0.16_8\bin;%LOCALAPPDATA%\Android\Sdk\emulator;%LOCALAPPDATA%\Android\Sdk\tools;%LOCALAPPDATA%\Android\Sdk\tools\bin;%LOCALAPPDATA%\Android\Sdk\platform-tools;C:\Program Files\Git\cmd;C:\Users\RICK\AppData\Roaming\nvm;C:\Program Files\nodejs;C:\Users\RICK\AppData\Local\Programs\Python\Python38-32\Scripts\;C:\Users\RICK\AppData\Local\Programs\Python\Python38-32\;C:\Users\RICK\AppData\Local\Microsoft\WindowsApps;C:\Users\RICK\AppData\Local\GitHubDesktop\bin;C:\Users\RICK\AppData\Local\Programs\Microsoft VS Code\bin;C:\Users\RICK\.dotnet\tools;C:\Users\RICK\AppData\Local\nvs\;C:\Users\RICK\AppData\Roaming\npm;C:\Users\RICK\AppData\Roaming\nvm;C:\Program Files\nodejs

Yarn version: 
  1.22.19

Node version: 
  14.16.1

Platform: 
  win32 x64

Trace: 
  Error: https://registry.yarnpkg.com/0.16.3: Not found
      at Request.params.callback [as _callback] (C:\Users\RICK\AppData\Roaming\npm\node_modules\yarn\lib\cli.js:66145:18)
      at Request.self.callback (C:\Users\RICK\AppData\Roaming\npm\node_modules\yarn\lib\cli.js:140890:22)
      at Request.emit (events.js:315:20)
      at Request.<anonymous> (C:\Users\RICK\AppData\Roaming\npm\node_modules\yarn\lib\cli.js:141862:10)
      at Request.emit (events.js:315:20)
      at IncomingMessage.<anonymous> (C:\Users\RICK\AppData\Roaming\npm\node_modules\yarn\lib\cli.js:141784:12)
      at Object.onceWrapper (events.js:421:28)
      at IncomingMessage.emit (events.js:327:22)
      at endReadableNT (internal/streams/readable.js:1327:12)
      at processTicksAndRejections (internal/process/task_queues.js:80:21)

npm manifest: 
  {
    "name": "backend",
    "version": "1.0.0",
    "main": "index.js",
    "license": "MIT"
  }

yarn manifest: 
  No manifest

Lockfile: 
  No lockfile
